ðŸš€ å¯åŠ¨æ™ºèƒ½è´§å¸å…‘æ¢ç­–ç•¥ç³»ç»Ÿ...
ðŸ”§ é…ç½®çŽ¯å¢ƒå˜é‡...
ðŸ”§ è‡ªåŠ¨é…ç½®çŽ¯å¢ƒå˜é‡...
ðŸ“¡ æ£€æµ‹åˆ°å…¬ç½‘IP: 119.28.27.178
âœ… å·²ç”Ÿæˆç”Ÿäº§çŽ¯å¢ƒé…ç½®æ–‡ä»¶ .env.local
ðŸ“ é…ç½®å†…å®¹:
# Python æƒ…æ„Ÿåˆ†æž API é…ç½®
PYTHON_SENTIMENT_API_URL=http://119.28.27.178:5000/score

# Next.js é…ç½®
NEXT_PUBLIC_API_URL=http://119.28.27.178:3000

# è‡ªåŠ¨ç”Ÿæˆæ—¶é—´: Tue Jul 15 11:10:06 AM CST 2025

ðŸŽ¯ ä¸‹ä¸€æ­¥ï¼š
1. ç¡®ä¿ç«¯å£ 3000 å’Œ 5000 å·²å¼€æ”¾
2. è¿è¡Œå¯åŠ¨è„šæœ¬: bash /home/ubuntu/-/start_system.sh
3. è®¿é—®åœ°å€: http://119.28.27.178:3000

ðŸ“¦ æ£€æŸ¥Pythonä¾èµ–...
ðŸ§  å¯åŠ¨æƒ…æ„Ÿåˆ†æžåŽç«¯æœåŠ¡...
æƒ…æ„Ÿåˆ†æžæœåŠ¡PID: 290139
â³ ç­‰å¾…åŽç«¯æœåŠ¡å¯åŠ¨...
2025-07-15 11:10:15,451 - INFO - å¼€å§‹åŠ è½½AIæ¨¡åž‹...
â³ ç­‰å¾…åŽç«¯æœåŠ¡å“åº”... (1/6)
Device set to use cpu
â³ ç­‰å¾…åŽç«¯æœåŠ¡å“åº”... (2/6)
Device set to use cpu
2025-07-15 11:10:21,325 - INFO - æ¨¡åž‹åŠ è½½æˆåŠŸ: FinBERT and BART-large-cnn
2025-07-15 11:10:21,327 - INFO - å¯åŠ¨æƒ…æ„Ÿåˆ†æžæœåŠ¡...
 * Serving Flask app 'sentiment-analysis-backend'
 * Debug mode: off
2025-07-15 11:10:21,331 - INFO - [31m[1mWARNING: This is a development server. Do not use it in a production deployment. Use a production WSGI server instead.[0m
 * Running on all addresses (0.0.0.0)
 * Running on http://127.0.0.1:5000
 * Running on http://10.5.4.16:5000
2025-07-15 11:10:21,331 - INFO - [33mPress CTRL+C to quit[0m
2025-07-15 11:10:26,192 - INFO - å¥åº·æ£€æŸ¥ - çŠ¶æ€: healthy, æ¨¡åž‹å·²åŠ è½½: True
2025-07-15 11:10:26,194 - INFO - 127.0.0.1 - - [15/Jul/2025 11:10:26] "GET /health HTTP/1.1" 200 -
âœ… æƒ…æ„Ÿåˆ†æžåŽç«¯æœåŠ¡å¯åŠ¨æˆåŠŸ
ðŸ§ª æµ‹è¯•APIç«¯ç‚¹...
2025-07-15 11:10:26,200 - INFO - æ”¶åˆ°æƒ…æ„Ÿåˆ†æžè¯·æ±‚ï¼Œæ–‡æœ¬é•¿åº¦: 4
2025-07-15 11:10:26,200 - INFO - å¼€å§‹æƒ…æ„Ÿåˆ†æž...
/home/ubuntu/.local/lib/python3.10/site-packages/transformers/pipelines/text_classification.py:106: UserWarning: `return_all_scores` is now deprecated,  if want a similar functionality use `top_k=None` instead of `return_all_scores=True` or `top_k=1` instead of `return_all_scores=False`.
  warnings.warn(
2025-07-15 11:10:26,431 - INFO - æƒ…æ„Ÿåˆ†æžç»“æžœ: [[{'label': 'positive', 'score': 0.057480935007333755}, {'label': 'negative', 'score': 0.03179053217172623}, {'label': 'neutral', 'score': 0.9107285737991333}]]
2025-07-15 11:10:26,431 - INFO - 127.0.0.1 - - [15/Jul/2025 11:10:26] "POST /score HTTP/1.1" 200 -
âœ… APIç«¯ç‚¹æµ‹è¯•æˆåŠŸ
ðŸŒ å¯åŠ¨å‰ç«¯æœåŠ¡...
å‰ç«¯æœåŠ¡PID: 290386

ðŸŽ‰ ç³»ç»Ÿå¯åŠ¨å®Œæˆï¼

ðŸ“Š è®¿é—®åœ°å€ï¼š
   å‰ç«¯ç•Œé¢: http://119.28.27.178:3000
   æƒ…æ„Ÿåˆ†æžAPI: http://119.28.27.178:5000

ðŸŒ å…¬ç½‘è®¿é—®æç¤ºï¼š
   è®¿é—®åœ°å€: http://119.28.27.178:3000
   ç¡®ä¿äº‘æœåŠ¡å™¨å®‰å…¨ç»„å·²å¼€æ”¾ 3000 å’Œ 5000 ç«¯å£

ðŸ›‘ åœæ­¢æœåŠ¡å‘½ä»¤ï¼š
   kill 290139 290386

ðŸ’¡ ä½¿ç”¨è¯´æ˜Žï¼š
   1. æ‰“å¼€æµè§ˆå™¨è®¿é—® http://119.28.27.178:3000
   2. ä½¿ç”¨'ç³»ç»Ÿç›‘æŽ§'æ ‡ç­¾é¡µè¿›è¡Œæ–°é—»æƒ…æ„Ÿåˆ†æžå’ŒCSVå¯¼å…¥
   3. ä½¿ç”¨'è´­é’žç­–ç•¥'æ ‡ç­¾é¡µåˆ¶å®šæ¢æ±‡ç­–ç•¥
   4. æŸ¥çœ‹'ç»“æžœå±•ç¤º'é¡µé¢èŽ·å–æœ€ä¼˜ç­–ç•¥å»ºè®®

âš ï¸  å®‰å…¨æç¤ºï¼š
   1. è¯·ç¡®ä¿äº‘æœåŠ¡å™¨é˜²ç«å¢™/å®‰å…¨ç»„å·²å¼€æ”¾ç«¯å£ 3000 å’Œ 5000
   2. å¦‚ä½¿ç”¨é˜¿é‡Œäº‘/è…¾è®¯äº‘ç­‰ï¼Œéœ€åœ¨æŽ§åˆ¶å°å®‰å…¨ç»„ä¸­æ·»åŠ å…¥ç«™è§„åˆ™
   3. å»ºè®®ä»…å¯¹å¯ä¿¡IPå¼€æ”¾è®¿é—®æƒé™

æŒ‰ Ctrl+C åœæ­¢æ‰€æœ‰æœåŠ¡...

> my-v0-project@0.1.0 dev
> next dev --hostname 0.0.0.0

   â–² Next.js 15.3.5
   - Local:        http://localhost:3000
   - Network:      http://0.0.0.0:3000
   - Environments: .env.local

 âœ“ Starting...
 âœ“ Ready in 2.5s
 â—‹ Compiling / ...
 âœ“ Compiled / in 8.1s (2030 modules)
 GET / 200 in 9730ms
 âœ“ Compiled in 1821ms (1000 modules)
./start_system.sh: line 96: 290386 Hangup                  npm run dev -- --hostname 0.0.0.0
