启动高级货币兑换策略分析服务...
服务地址: http://localhost:5002
健康检查: http://localhost:5002/health
高级策略分析: POST http://localhost:5002/analyze_advanced_strategy
可用渠道查询: POST http://localhost:5002/get_available_channels
实时汇率查询: POST http://localhost:5002/get_real_time_rate
按 Ctrl+C 停止服务
 * Serving Flask app 'advanced-finance-backend'
 * Debug mode: on
Address already in use
Port 5002 is in use by another program. Either identify and stop that program, or start the server with a different port.
启动高级货币兑换策略分析服务...
服务地址: http://localhost:5002
健康检查: http://localhost:5002/health
高级策略分析: POST http://localhost:5002/analyze_advanced_strategy
可用渠道查询: POST http://localhost:5002/get_available_channels
实时汇率查询: POST http://localhost:5002/get_real_time_rate
按 Ctrl+C 停止服务
 * Serving Flask app 'advanced-finance-backend'
 * Debug mode: on
Address already in use
Port 5002 is in use by another program. Either identify and stop that program, or start the server with a different port.
启动高级货币兑换策略分析服务...
服务地址: http://localhost:5002
健康检查: http://localhost:5002/health
高级策略分析: POST http://localhost:5002/analyze_advanced_strategy
可用渠道查询: POST http://localhost:5002/get_available_channels
实时汇率查询: POST http://localhost:5002/get_real_time_rate
按 Ctrl+C 停止服务
 * Serving Flask app 'advanced-finance-backend'
 * Debug mode: on
Address already in use
Port 5002 is in use by another program. Either identify and stop that program, or start the server with a different port.
启动高级货币兑换策略分析服务...
服务地址: http://localhost:5002
健康检查: http://localhost:5002/health
高级策略分析: POST http://localhost:5002/analyze_advanced_strategy
可用渠道查询: POST http://localhost:5002/get_available_channels
实时汇率查询: POST http://localhost:5002/get_real_time_rate
按 Ctrl+C 停止服务
 * Serving Flask app 'advanced-finance-backend'
 * Debug mode: on
Address already in use
Port 5002 is in use by another program. Either identify and stop that program, or start the server with a different port.
启动高级货币兑换策略分析服务...
服务地址: http://localhost:5002
健康检查: http://localhost:5002/health
高级策略分析: POST http://localhost:5002/analyze_advanced_strategy
可用渠道查询: POST http://localhost:5002/get_available_channels
实时汇率查询: POST http://localhost:5002/get_real_time_rate
按 Ctrl+C 停止服务
 * Serving Flask app 'advanced-finance-backend'
 * Debug mode: on
Address already in use
Port 5002 is in use by another program. Either identify and stop that program, or start the server with a different port.
启动高级货币兑换策略分析服务...
服务地址: http://localhost:5002
健康检查: http://localhost:5002/health
高级策略分析: POST http://localhost:5002/analyze_advanced_strategy
可用渠道查询: POST http://localhost:5002/get_available_channels
实时汇率查询: POST http://localhost:5002/get_real_time_rate
按 Ctrl+C 停止服务
 * Serving Flask app 'advanced-finance-backend'
 * Debug mode: on
Address already in use
Port 5002 is in use by another program. Either identify and stop that program, or start the server with a different port.
启动高级货币兑换策略分析服务...
服务地址: http://localhost:5002
健康检查: http://localhost:5002/health
高级策略分析: POST http://localhost:5002/analyze_advanced_strategy
可用渠道查询: POST http://localhost:5002/get_available_channels
实时汇率查询: POST http://localhost:5002/get_real_time_rate
按 Ctrl+C 停止服务
 * Serving Flask app 'advanced-finance-backend'
 * Debug mode: on
Address already in use
Port 5002 is in use by another program. Either identify and stop that program, or start the server with a different port.
启动高级货币兑换策略分析服务...
服务地址: http://localhost:5002
健康检查: http://localhost:5002/health
高级策略分析: POST http://localhost:5002/analyze_advanced_strategy
可用渠道查询: POST http://localhost:5002/get_available_channels
实时汇率查询: POST http://localhost:5002/get_real_time_rate
按 Ctrl+C 停止服务
 * Serving Flask app 'advanced-finance-backend'
 * Debug mode: on
Address already in use
Port 5002 is in use by another program. Either identify and stop that program, or start the server with a different port.
启动高级货币兑换策略分析服务...
服务地址: http://localhost:5002
健康检查: http://localhost:5002/health
高级策略分析: POST http://localhost:5002/analyze_advanced_strategy
可用渠道查询: POST http://localhost:5002/get_available_channels
实时汇率查询: POST http://localhost:5002/get_real_time_rate
按 Ctrl+C 停止服务
 * Serving Flask app 'advanced-finance-backend'
 * Debug mode: on
Address already in use
Port 5002 is in use by another program. Either identify and stop that program, or start the server with a different port.
启动高级货币兑换策略分析服务...
服务地址: http://localhost:5002
健康检查: http://localhost:5002/health
高级策略分析: POST http://localhost:5002/analyze_advanced_strategy
可用渠道查询: POST http://localhost:5002/get_available_channels
实时汇率查询: POST http://localhost:5002/get_real_time_rate
按 Ctrl+C 停止服务
 * Serving Flask app 'advanced-finance-backend'
 * Debug mode: on
Address already in use
Port 5002 is in use by another program. Either identify and stop that program, or start the server with a different port.
启动高级货币兑换策略分析服务...
服务地址: http://localhost:5002
健康检查: http://localhost:5002/health
高级策略分析: POST http://localhost:5002/analyze_advanced_strategy
可用渠道查询: POST http://localhost:5002/get_available_channels
实时汇率查询: POST http://localhost:5002/get_real_time_rate
按 Ctrl+C 停止服务
 * Serving Flask app 'advanced-finance-backend'
 * Debug mode: on
Address already in use
Port 5002 is in use by another program. Either identify and stop that program, or start the server with a different port.
启动高级货币兑换策略分析服务...
服务地址: http://localhost:5002
健康检查: http://localhost:5002/health
高级策略分析: POST http://localhost:5002/analyze_advanced_strategy
可用渠道查询: POST http://localhost:5002/get_available_channels
实时汇率查询: POST http://localhost:5002/get_real_time_rate
按 Ctrl+C 停止服务
 * Serving Flask app 'advanced-finance-backend'
 * Debug mode: on
Address already in use
Port 5002 is in use by another program. Either identify and stop that program, or start the server with a different port.
启动高级货币兑换策略分析服务...
服务地址: http://localhost:5002
健康检查: http://localhost:5002/health
高级策略分析: POST http://localhost:5002/analyze_advanced_strategy
可用渠道查询: POST http://localhost:5002/get_available_channels
实时汇率查询: POST http://localhost:5002/get_real_time_rate
按 Ctrl+C 停止服务
 * Serving Flask app 'advanced-finance-backend'
 * Debug mode: on
Address already in use
Port 5002 is in use by another program. Either identify and stop that program, or start the server with a different port.
启动高级货币兑换策略分析服务...
服务地址: http://localhost:5002
健康检查: http://localhost:5002/health
高级策略分析: POST http://localhost:5002/analyze_advanced_strategy
可用渠道查询: POST http://localhost:5002/get_available_channels
实时汇率查询: POST http://localhost:5002/get_real_time_rate
按 Ctrl+C 停止服务
 * Serving Flask app 'advanced-finance-backend'
 * Debug mode: on
Address already in use
Port 5002 is in use by another program. Either identify and stop that program, or start the server with a different port.
启动高级货币兑换策略分析服务...
服务地址: http://localhost:5002
健康检查: http://localhost:5002/health
高级策略分析: POST http://localhost:5002/analyze_advanced_strategy
可用渠道查询: POST http://localhost:5002/get_available_channels
实时汇率查询: POST http://localhost:5002/get_real_time_rate
按 Ctrl+C 停止服务
 * Serving Flask app 'advanced-finance-backend'
 * Debug mode: on
Address already in use
Port 5002 is in use by another program. Either identify and stop that program, or start the server with a different port.
启动高级货币兑换策略分析服务...
服务地址: http://localhost:5002
健康检查: http://localhost:5002/health
高级策略分析: POST http://localhost:5002/analyze_advanced_strategy
可用渠道查询: POST http://localhost:5002/get_available_channels
实时汇率查询: POST http://localhost:5002/get_real_time_rate
按 Ctrl+C 停止服务
 * Serving Flask app 'advanced-finance-backend'
 * Debug mode: on
Address already in use
Port 5002 is in use by another program. Either identify and stop that program, or start the server with a different port.
启动高级货币兑换策略分析服务...
服务地址: http://localhost:5002
健康检查: http://localhost:5002/health
高级策略分析: POST http://localhost:5002/analyze_advanced_strategy
可用渠道查询: POST http://localhost:5002/get_available_channels
实时汇率查询: POST http://localhost:5002/get_real_time_rate
按 Ctrl+C 停止服务
 * Serving Flask app 'advanced-finance-backend'
 * Debug mode: on
Address already in use
Port 5002 is in use by another program. Either identify and stop that program, or start the server with a different port.
启动高级货币兑换策略分析服务...
服务地址: http://localhost:5002
健康检查: http://localhost:5002/health
高级策略分析: POST http://localhost:5002/analyze_advanced_strategy
可用渠道查询: POST http://localhost:5002/get_available_channels
实时汇率查询: POST http://localhost:5002/get_real_time_rate
按 Ctrl+C 停止服务
 * Serving Flask app 'advanced-finance-backend'
 * Debug mode: on
Address already in use
Port 5002 is in use by another program. Either identify and stop that program, or start the server with a different port.
启动高级货币兑换策略分析服务...
服务地址: http://localhost:5002
健康检查: http://localhost:5002/health
高级策略分析: POST http://localhost:5002/analyze_advanced_strategy
可用渠道查询: POST http://localhost:5002/get_available_channels
实时汇率查询: POST http://localhost:5002/get_real_time_rate
按 Ctrl+C 停止服务
 * Serving Flask app 'advanced-finance-backend'
 * Debug mode: on
Address already in use
Port 5002 is in use by another program. Either identify and stop that program, or start the server with a different port.
启动高级货币兑换策略分析服务...
服务地址: http://localhost:5002
健康检查: http://localhost:5002/health
高级策略分析: POST http://localhost:5002/analyze_advanced_strategy
可用渠道查询: POST http://localhost:5002/get_available_channels
实时汇率查询: POST http://localhost:5002/get_real_time_rate
按 Ctrl+C 停止服务
 * Serving Flask app 'advanced-finance-backend'
 * Debug mode: on
Address already in use
Port 5002 is in use by another program. Either identify and stop that program, or start the server with a different port.
启动高级货币兑换策略分析服务...
服务地址: http://localhost:5002
健康检查: http://localhost:5002/health
高级策略分析: POST http://localhost:5002/analyze_advanced_strategy
可用渠道查询: POST http://localhost:5002/get_available_channels
实时汇率查询: POST http://localhost:5002/get_real_time_rate
按 Ctrl+C 停止服务
 * Serving Flask app 'advanced-finance-backend'
 * Debug mode: on
Address already in use
Port 5002 is in use by another program. Either identify and stop that program, or start the server with a different port.
启动高级货币兑换策略分析服务...
服务地址: http://localhost:5002
健康检查: http://localhost:5002/health
高级策略分析: POST http://localhost:5002/analyze_advanced_strategy
可用渠道查询: POST http://localhost:5002/get_available_channels
实时汇率查询: POST http://localhost:5002/get_real_time_rate
按 Ctrl+C 停止服务
 * Serving Flask app 'advanced-finance-backend'
 * Debug mode: on
Address already in use
Port 5002 is in use by another program. Either identify and stop that program, or start the server with a different port.
启动高级货币兑换策略分析服务...
服务地址: http://localhost:5002
健康检查: http://localhost:5002/health
高级策略分析: POST http://localhost:5002/analyze_advanced_strategy
可用渠道查询: POST http://localhost:5002/get_available_channels
实时汇率查询: POST http://localhost:5002/get_real_time_rate
按 Ctrl+C 停止服务
 * Serving Flask app 'advanced-finance-backend'
 * Debug mode: on
Address already in use
Port 5002 is in use by another program. Either identify and stop that program, or start the server with a different port.
启动高级货币兑换策略分析服务...
服务地址: http://localhost:5002
健康检查: http://localhost:5002/health
高级策略分析: POST http://localhost:5002/analyze_advanced_strategy
可用渠道查询: POST http://localhost:5002/get_available_channels
实时汇率查询: POST http://localhost:5002/get_real_time_rate
按 Ctrl+C 停止服务
 * Serving Flask app 'advanced-finance-backend'
 * Debug mode: on
Address already in use
Port 5002 is in use by another program. Either identify and stop that program, or start the server with a different port.
启动高级货币兑换策略分析服务...
服务地址: http://localhost:5002
健康检查: http://localhost:5002/health
高级策略分析: POST http://localhost:5002/analyze_advanced_strategy
可用渠道查询: POST http://localhost:5002/get_available_channels
实时汇率查询: POST http://localhost:5002/get_real_time_rate
按 Ctrl+C 停止服务
 * Serving Flask app 'advanced-finance-backend'
 * Debug mode: on
Address already in use
Port 5002 is in use by another program. Either identify and stop that program, or start the server with a different port.
启动高级货币兑换策略分析服务...
服务地址: http://localhost:5002
健康检查: http://localhost:5002/health
高级策略分析: POST http://localhost:5002/analyze_advanced_strategy
可用渠道查询: POST http://localhost:5002/get_available_channels
实时汇率查询: POST http://localhost:5002/get_real_time_rate
按 Ctrl+C 停止服务
 * Serving Flask app 'advanced-finance-backend'
 * Debug mode: on
Address already in use
Port 5002 is in use by another program. Either identify and stop that program, or start the server with a different port.
启动高级货币兑换策略分析服务...
服务地址: http://localhost:5002
健康检查: http://localhost:5002/health
高级策略分析: POST http://localhost:5002/analyze_advanced_strategy
可用渠道查询: POST http://localhost:5002/get_available_channels
实时汇率查询: POST http://localhost:5002/get_real_time_rate
按 Ctrl+C 停止服务
 * Serving Flask app 'advanced-finance-backend'
 * Debug mode: on
Address already in use
Port 5002 is in use by another program. Either identify and stop that program, or start the server with a different port.
启动高级货币兑换策略分析服务...
服务地址: http://localhost:5002
健康检查: http://localhost:5002/health
高级策略分析: POST http://localhost:5002/analyze_advanced_strategy
可用渠道查询: POST http://localhost:5002/get_available_channels
实时汇率查询: POST http://localhost:5002/get_real_time_rate
按 Ctrl+C 停止服务
 * Serving Flask app 'advanced-finance-backend'
 * Debug mode: on
Address already in use
Port 5002 is in use by another program. Either identify and stop that program, or start the server with a different port.
启动高级货币兑换策略分析服务...
服务地址: http://localhost:5002
健康检查: http://localhost:5002/health
高级策略分析: POST http://localhost:5002/analyze_advanced_strategy
可用渠道查询: POST http://localhost:5002/get_available_channels
实时汇率查询: POST http://localhost:5002/get_real_time_rate
按 Ctrl+C 停止服务
 * Serving Flask app 'advanced-finance-backend'
 * Debug mode: on
Address already in use
Port 5002 is in use by another program. Either identify and stop that program, or start the server with a different port.
启动高级货币兑换策略分析服务...
服务地址: http://localhost:5002
健康检查: http://localhost:5002/health
高级策略分析: POST http://localhost:5002/analyze_advanced_strategy
可用渠道查询: POST http://localhost:5002/get_available_channels
实时汇率查询: POST http://localhost:5002/get_real_time_rate
按 Ctrl+C 停止服务
 * Serving Flask app 'advanced-finance-backend'
 * Debug mode: on
Address already in use
Port 5002 is in use by another program. Either identify and stop that program, or start the server with a different port.
启动高级货币兑换策略分析服务...
服务地址: http://localhost:5002
健康检查: http://localhost:5002/health
高级策略分析: POST http://localhost:5002/analyze_advanced_strategy
可用渠道查询: POST http://localhost:5002/get_available_channels
实时汇率查询: POST http://localhost:5002/get_real_time_rate
按 Ctrl+C 停止服务
 * Serving Flask app 'advanced-finance-backend'
 * Debug mode: on
Address already in use
Port 5002 is in use by another program. Either identify and stop that program, or start the server with a different port.
启动高级货币兑换策略分析服务...
服务地址: http://localhost:5002
健康检查: http://localhost:5002/health
高级策略分析: POST http://localhost:5002/analyze_advanced_strategy
可用渠道查询: POST http://localhost:5002/get_available_channels
实时汇率查询: POST http://localhost:5002/get_real_time_rate
按 Ctrl+C 停止服务
 * Serving Flask app 'advanced-finance-backend'
 * Debug mode: on
Address already in use
Port 5002 is in use by another program. Either identify and stop that program, or start the server with a different port.
启动高级货币兑换策略分析服务...
服务地址: http://localhost:5002
健康检查: http://localhost:5002/health
高级策略分析: POST http://localhost:5002/analyze_advanced_strategy
可用渠道查询: POST http://localhost:5002/get_available_channels
实时汇率查询: POST http://localhost:5002/get_real_time_rate
按 Ctrl+C 停止服务
 * Serving Flask app 'advanced-finance-backend'
 * Debug mode: on
Address already in use
Port 5002 is in use by another program. Either identify and stop that program, or start the server with a different port.
启动高级货币兑换策略分析服务...
服务地址: http://localhost:5002
健康检查: http://localhost:5002/health
高级策略分析: POST http://localhost:5002/analyze_advanced_strategy
可用渠道查询: POST http://localhost:5002/get_available_channels
实时汇率查询: POST http://localhost:5002/get_real_time_rate
按 Ctrl+C 停止服务
 * Serving Flask app 'advanced-finance-backend'
 * Debug mode: on
Address already in use
Port 5002 is in use by another program. Either identify and stop that program, or start the server with a different port.
