
> my-v0-project@0.1.0 dev
> next dev

 ⚠ You are using a non-standard "NODE_ENV" value in your environment. This creates inconsistencies in the project and is strongly advised against. Read more: https://nextjs.org/docs/messages/non-standard-node-env
   ▲ Next.js 15.3.5
   - Local:        http://localhost:3000
   - Network:      http://10.5.4.16:3000
   - Environments: .env.local

 ✓ Starting...
 ✓ Ready in 2.8s
 ⚠ Cross origin request detected from 119.28.27.178 to /_next/* resource. In a future major version of Next.js, you will need to explicitly configure "allowedDevOrigins" in next.config to allow this.
Read more: https://nextjs.org/docs/app/api-reference/config/next-config-js/allowedDevOrigins
 ○ Compiling /_not-found ...
 ⨯ ./app/globals.css
Module parse failed: Unexpected character '@' (1:0)
> @tailwind base;
| @tailwind components;
| @tailwind utilities;

Import trace for requested module:
./app/globals.css
./app/layout.tsx
 ⨯ ./app/globals.css
Module parse failed: Unexpected character '@' (1:0)
> @tailwind base;
| @tailwind components;
| @tailwind utilities;

Import trace for requested module:
./app/globals.css
./app/layout.tsx
 GET /_next/static/webpack/58d20867699d441e.webpack.hot-update.json 500 in 17629ms
 GET / 500 in 16514ms
 GET / 500 in 25ms
 ⚠ Fast Refresh had to perform a full reload. Read more: https://nextjs.org/docs/messages/fast-refresh-reload
 GET / 500 in 26ms
 GET / 500 in 17ms
[?25h

> my-v0-project@0.1.0 dev
> next dev

 ⚠ You are using a non-standard "NODE_ENV" value in your environment. This creates inconsistencies in the project and is strongly advised against. Read more: https://nextjs.org/docs/messages/non-standard-node-env
   ▲ Next.js 15.3.5
   - Local:        http://localhost:3000
   - Network:      http://10.5.4.16:3000
   - Environments: .env.local

 ✓ Starting...
 ✓ Ready in 2.2s
   Reload env: .env.local
[?25h

> my-v0-project@0.1.0 dev
> next dev

 ⚠ You are using a non-standard "NODE_ENV" value in your environment. This creates inconsistencies in the project and is strongly advised against. Read more: https://nextjs.org/docs/messages/non-standard-node-env
   ▲ Next.js 15.3.5
   - Local:        http://localhost:3000
   - Network:      http://10.5.4.16:3000
   - Environments: .env.local

 ✓ Starting...
 ✓ Ready in 2.7s
[?25h

> my-v0-project@0.1.0 dev
> next dev

 ⚠ You are using a non-standard "NODE_ENV" value in your environment. This creates inconsistencies in the project and is strongly advised against. Read more: https://nextjs.org/docs/messages/non-standard-node-env
   ▲ Next.js 15.3.5
   - Local:        http://localhost:3000
   - Network:      http://10.5.4.16:3000
   - Environments: .env.local

 ✓ Starting...
 ✓ Ready in 2.4s
[?25h

> my-v0-project@0.1.0 dev
> next dev

 ⚠ You are using a non-standard "NODE_ENV" value in your environment. This creates inconsistencies in the project and is strongly advised against. Read more: https://nextjs.org/docs/messages/non-standard-node-env
   ▲ Next.js 15.3.5
   - Local:        http://localhost:3000
   - Network:      http://10.5.4.16:3000
   - Environments: .env.local

 ✓ Starting...
 ✓ Ready in 2.1s
[?25h

> my-v0-project@0.1.0 dev
> next dev

 ⚠ You are using a non-standard "NODE_ENV" value in your environment. This creates inconsistencies in the project and is strongly advised against. Read more: https://nextjs.org/docs/messages/non-standard-node-env
   ▲ Next.js 15.3.5
   - Local:        http://localhost:3000
   - Network:      http://10.5.4.16:3000
   - Environments: .env.local

 ✓ Starting...
 ✓ Ready in 2.3s
 ○ Compiling / ...
 ⨯ ./app/globals.css
Module parse failed: Unexpected character '@' (1:0)
> @tailwind base;
| @tailwind components;
| @tailwind utilities;

Import trace for requested module:
./app/globals.css
./app/layout.tsx
 ✓ Compiled / in 2.6s (1001 modules)
 ○ Compiling /_error ...
<w> [webpack.cache.PackFileCacheStrategy] Caching failed for pack: Error: ENOENT: no such file or directory, rename '/home/ubuntu/-/frontend/.next/cache/webpack/client-development/1.pack.gz_' -> '/home/ubuntu/-/frontend/.next/cache/webpack/client-development/1.pack.gz'
 GET / 500 in 74701ms
[?25h

> my-v0-project@0.1.0 dev
> next dev

 ⚠ You are using a non-standard "NODE_ENV" value in your environment. This creates inconsistencies in the project and is strongly advised against. Read more: https://nextjs.org/docs/messages/non-standard-node-env
   ▲ Next.js 15.3.5
   - Local:        http://localhost:3000
   - Network:      http://10.5.4.16:3000
   - Environments: .env.local

 ✓ Starting...
 ✓ Ready in 2.9s
